
**** Build of configuration Debug for project AUTOSAR_Prohect ****

"C:\\ti\\ccs1240\\ccs\\utils\\bin\\gmake" -k -j 12 all -O 
 
Building file: "../Det.c"
Invoking: Arm Compiler
"C:/ti/ccs1240/ccs/tools/compiler/ti-cgt-arm_20.2.7.LTS/bin/armcl" -mv7M4 --code_state=16 --float_support=FPv4SPD16 -me --include_path="D:/MT/My Courses/Advanced_Embedded_Diploma/ARM_Microcontrollers/Exercises/CCS/AUTOSAR_Project_WS/AUTOSAR_Prohect" --include_path="C:/ti/ccs1240/ccs/tools/compiler/ti-cgt-arm_20.2.7.LTS/include" --define=ccs="ccs" --define=PART_TM4C123GH6PM -g --gcc --diag_warning=225 --diag_wrap=off --display_error_number --abi=eabi --preproc_with_compile --preproc_dependency="Det.d_raw"  "../Det.c"
"../Det.c", line 23: warning #112-D: statement is unreachable
Finished building: "../Det.c"
 
Building file: "../App.c"
Invoking: Arm Compiler
"C:/ti/ccs1240/ccs/tools/compiler/ti-cgt-arm_20.2.7.LTS/bin/armcl" -mv7M4 --code_state=16 --float_support=FPv4SPD16 -me --include_path="D:/MT/My Courses/Advanced_Embedded_Diploma/ARM_Microcontrollers/Exercises/CCS/AUTOSAR_Project_WS/AUTOSAR_Prohect" --include_path="C:/ti/ccs1240/ccs/tools/compiler/ti-cgt-arm_20.2.7.LTS/include" --define=ccs="ccs" --define=PART_TM4C123GH6PM -g --gcc --diag_warning=225 --diag_wrap=off --display_error_number --abi=eabi --preproc_with_compile --preproc_dependency="App.d_raw"  "../App.c"
"../App.c", line 21: warning #225-D: function "Mcu_Init" declared implicitly
Finished building: "../App.c"
 
Building file: "../Button.c"
Invoking: Arm Compiler
"C:/ti/ccs1240/ccs/tools/compiler/ti-cgt-arm_20.2.7.LTS/bin/armcl" -mv7M4 --code_state=16 --float_support=FPv4SPD16 -me --include_path="D:/MT/My Courses/Advanced_Embedded_Diploma/ARM_Microcontrollers/Exercises/CCS/AUTOSAR_Project_WS/AUTOSAR_Prohect" --include_path="C:/ti/ccs1240/ccs/tools/compiler/ti-cgt-arm_20.2.7.LTS/include" --define=ccs="ccs" --define=PART_TM4C123GH6PM -g --gcc --diag_warning=225 --diag_wrap=off --display_error_number --abi=eabi --preproc_with_compile --preproc_dependency="Button.d_raw"  "../Button.c"
Finished building: "../Button.c"
 
Building file: "../Dio.c"
Invoking: Arm Compiler
"C:/ti/ccs1240/ccs/tools/compiler/ti-cgt-arm_20.2.7.LTS/bin/armcl" -mv7M4 --code_state=16 --float_support=FPv4SPD16 -me --include_path="D:/MT/My Courses/Advanced_Embedded_Diploma/ARM_Microcontrollers/Exercises/CCS/AUTOSAR_Project_WS/AUTOSAR_Prohect" --include_path="C:/ti/ccs1240/ccs/tools/compiler/ti-cgt-arm_20.2.7.LTS/include" --define=ccs="ccs" --define=PART_TM4C123GH6PM -g --gcc --diag_warning=225 --diag_wrap=off --display_error_number --abi=eabi --preproc_with_compile --preproc_dependency="Dio.d_raw"  "../Dio.c"
Finished building: "../Dio.c"
 
Building file: "../Dio_PBcfg.c"
Invoking: Arm Compiler
"C:/ti/ccs1240/ccs/tools/compiler/ti-cgt-arm_20.2.7.LTS/bin/armcl" -mv7M4 --code_state=16 --float_support=FPv4SPD16 -me --include_path="D:/MT/My Courses/Advanced_Embedded_Diploma/ARM_Microcontrollers/Exercises/CCS/AUTOSAR_Project_WS/AUTOSAR_Prohect" --include_path="C:/ti/ccs1240/ccs/tools/compiler/ti-cgt-arm_20.2.7.LTS/include" --define=ccs="ccs" --define=PART_TM4C123GH6PM -g --gcc --diag_warning=225 --diag_wrap=off --display_error_number --abi=eabi --preproc_with_compile --preproc_dependency="Dio_PBcfg.d_raw"  "../Dio_PBcfg.c"
"../Dio_PBcfg.c", line 46: warning #1-D: last line of file ends without a newline
Finished building: "../Dio_PBcfg.c"
 
Building file: "../Gpt.c"
Invoking: Arm Compiler
"C:/ti/ccs1240/ccs/tools/compiler/ti-cgt-arm_20.2.7.LTS/bin/armcl" -mv7M4 --code_state=16 --float_support=FPv4SPD16 -me --include_path="D:/MT/My Courses/Advanced_Embedded_Diploma/ARM_Microcontrollers/Exercises/CCS/AUTOSAR_Project_WS/AUTOSAR_Prohect" --include_path="C:/ti/ccs1240/ccs/tools/compiler/ti-cgt-arm_20.2.7.LTS/include" --define=ccs="ccs" --define=PART_TM4C123GH6PM -g --gcc --diag_warning=225 --diag_wrap=off --display_error_number --abi=eabi --preproc_with_compile --preproc_dependency="Gpt.d_raw"  "../Gpt.c"
"../Gpt.c", line 92: warning #1-D: last line of file ends without a newline
Finished building: "../Gpt.c"
 
Building file: "../Led.c"
Invoking: Arm Compiler
"C:/ti/ccs1240/ccs/tools/compiler/ti-cgt-arm_20.2.7.LTS/bin/armcl" -mv7M4 --code_state=16 --float_support=FPv4SPD16 -me --include_path="D:/MT/My Courses/Advanced_Embedded_Diploma/ARM_Microcontrollers/Exercises/CCS/AUTOSAR_Project_WS/AUTOSAR_Prohect" --include_path="C:/ti/ccs1240/ccs/tools/compiler/ti-cgt-arm_20.2.7.LTS/include" --define=ccs="ccs" --define=PART_TM4C123GH6PM -g --gcc --diag_warning=225 --diag_wrap=off --display_error_number --abi=eabi --preproc_with_compile --preproc_dependency="Led.d_raw"  "../Led.c"
Finished building: "../Led.c"
 
Building file: "../Mcu.c"
Invoking: Arm Compiler
"C:/ti/ccs1240/ccs/tools/compiler/ti-cgt-arm_20.2.7.LTS/bin/armcl" -mv7M4 --code_state=16 --float_support=FPv4SPD16 -me --include_path="D:/MT/My Courses/Advanced_Embedded_Diploma/ARM_Microcontrollers/Exercises/CCS/AUTOSAR_Project_WS/AUTOSAR_Prohect" --include_path="C:/ti/ccs1240/ccs/tools/compiler/ti-cgt-arm_20.2.7.LTS/include" --define=ccs="ccs" --define=PART_TM4C123GH6PM -g --gcc --diag_warning=225 --diag_wrap=off --display_error_number --abi=eabi --preproc_with_compile --preproc_dependency="Mcu.d_raw"  "../Mcu.c"
Finished building: "../Mcu.c"
 
Building file: "../Os.c"
Invoking: Arm Compiler
"C:/ti/ccs1240/ccs/tools/compiler/ti-cgt-arm_20.2.7.LTS/bin/armcl" -mv7M4 --code_state=16 --float_support=FPv4SPD16 -me --include_path="D:/MT/My Courses/Advanced_Embedded_Diploma/ARM_Microcontrollers/Exercises/CCS/AUTOSAR_Project_WS/AUTOSAR_Prohect" --include_path="C:/ti/ccs1240/ccs/tools/compiler/ti-cgt-arm_20.2.7.LTS/include" --define=ccs="ccs" --define=PART_TM4C123GH6PM -g --gcc --diag_warning=225 --diag_wrap=off --display_error_number --abi=eabi --preproc_with_compile --preproc_dependency="Os.d_raw"  "../Os.c"
1 Assembly Error, No Assembly Warnings
 
>> Compilation failure
subdir_rules.mk:9: recipe for target 'Os.obj' failed
warning: "../Os.c", line 34: Assembly statement "CPSIE I" creates a label, which may not be what was intended. Use a colon after a label or a space before a non-label to silence the warning.
warning: "../Os.c", line 34: Assembly statement "CPSIE I" creates a label, which may not be what was intended. Use a colon after a label or a space before a non-label to silence the warning.
"C:\Users\LEGION\AppData\Local\Temp\{A2BDC7FD-223E-48B4-8A5B-29C778408E3D}", ERROR!   at line 160: [E0002] Illegal mnemonic specified
	CPSIE I
 
 
Errors in Source - Assembler Aborted
gmake: *** [Os.obj] Error 1
Building file: "../cstartup_M.c"
Invoking: Arm Compiler
"C:/ti/ccs1240/ccs/tools/compiler/ti-cgt-arm_20.2.7.LTS/bin/armcl" -mv7M4 --code_state=16 --float_support=FPv4SPD16 -me --include_path="D:/MT/My Courses/Advanced_Embedded_Diploma/ARM_Microcontrollers/Exercises/CCS/AUTOSAR_Project_WS/AUTOSAR_Prohect" --include_path="C:/ti/ccs1240/ccs/tools/compiler/ti-cgt-arm_20.2.7.LTS/include" --define=ccs="ccs" --define=PART_TM4C123GH6PM -g --gcc --diag_warning=225 --diag_wrap=off --display_error_number --abi=eabi --preproc_with_compile --preproc_dependency="cstartup_M.d_raw"  "../cstartup_M.c"
 
>> Compilation failure
subdir_rules.mk:9: recipe for target 'cstartup_M.obj' failed
"../cstartup_M.c", line 12: warning #163-D: unrecognized #pragma
"../cstartup_M.c", line 13: warning #163-D: unrecognized #pragma
"../cstartup_M.c", line 40: error #159: expression must be an integral constant expression
"../cstartup_M.c", line 43: error #60: function call is not allowed in a constant expression
"../cstartup_M.c", line 63: warning #163-D: unrecognized #pragma
"../cstartup_M.c", line 64: warning #78-D: this declaration has no storage class or type specifier
"../cstartup_M.c", line 64: error #66: expected a ";"
"../cstartup_M.c", line 65: warning #163-D: unrecognized #pragma
"../cstartup_M.c", line 67: warning #163-D: unrecognized #pragma
"../cstartup_M.c", line 69: warning #163-D: unrecognized #pragma
"../cstartup_M.c", line 71: warning #163-D: unrecognized #pragma
"../cstartup_M.c", line 73: warning #163-D: unrecognized #pragma
"../cstartup_M.c", line 75: warning #163-D: unrecognized #pragma
"../cstartup_M.c", line 77: warning #163-D: unrecognized #pragma
"../cstartup_M.c", line 79: warning #163-D: unrecognized #pragma
"../cstartup_M.c", line 83: warning #12-D: parsing restarts here after previous syntax error
"../cstartup_M.c", line 84: warning #78-D: this declaration has no storage class or type specifier
"../cstartup_M.c", line 84: error #66: expected a ";"
"../cstartup_M.c", line 85: warning #78-D: this declaration has no storage class or type specifier
"../cstartup_M.c", line 85: error #66: expected a ";"
"../cstartup_M.c", line 87: warning #163-D: unrecognized #pragma
"../cstartup_M.c", line 90: warning #225-D: function "__iar_init_core" declared implicitly
"../cstartup_M.c", line 91: warning #225-D: function "__iar_init_vfp" declared implicitly
"../cstartup_M.c", line 92: warning #225-D: function "__cmain" declared implicitly
5 errors detected in the compilation of "../cstartup_M.c".
gmake: *** [cstartup_M.obj] Error 1
Building file: "../Port.c"
Invoking: Arm Compiler
"C:/ti/ccs1240/ccs/tools/compiler/ti-cgt-arm_20.2.7.LTS/bin/armcl" -mv7M4 --code_state=16 --float_support=FPv4SPD16 -me --include_path="D:/MT/My Courses/Advanced_Embedded_Diploma/ARM_Microcontrollers/Exercises/CCS/AUTOSAR_Project_WS/AUTOSAR_Prohect" --include_path="C:/ti/ccs1240/ccs/tools/compiler/ti-cgt-arm_20.2.7.LTS/include" --define=ccs="ccs" --define=PART_TM4C123GH6PM -g --gcc --diag_warning=225 --diag_wrap=off --display_error_number --abi=eabi --preproc_with_compile --preproc_dependency="Port.d_raw"  "../Port.c"
Finished building: "../Port.c"
 
Building file: "../main.c"
Invoking: Arm Compiler
"C:/ti/ccs1240/ccs/tools/compiler/ti-cgt-arm_20.2.7.LTS/bin/armcl" -mv7M4 --code_state=16 --float_support=FPv4SPD16 -me --include_path="D:/MT/My Courses/Advanced_Embedded_Diploma/ARM_Microcontrollers/Exercises/CCS/AUTOSAR_Project_WS/AUTOSAR_Prohect" --include_path="C:/ti/ccs1240/ccs/tools/compiler/ti-cgt-arm_20.2.7.LTS/include" --define=ccs="ccs" --define=PART_TM4C123GH6PM -g --gcc --diag_warning=225 --diag_wrap=off --display_error_number --abi=eabi --preproc_with_compile --preproc_dependency="main.d_raw"  "../main.c"
Finished building: "../main.c"
 
Building file: "../tm4c123gh6pm_startup_ccs.c"
Invoking: Arm Compiler
"C:/ti/ccs1240/ccs/tools/compiler/ti-cgt-arm_20.2.7.LTS/bin/armcl" -mv7M4 --code_state=16 --float_support=FPv4SPD16 -me --include_path="D:/MT/My Courses/Advanced_Embedded_Diploma/ARM_Microcontrollers/Exercises/CCS/AUTOSAR_Project_WS/AUTOSAR_Prohect" --include_path="C:/ti/ccs1240/ccs/tools/compiler/ti-cgt-arm_20.2.7.LTS/include" --define=ccs="ccs" --define=PART_TM4C123GH6PM -g --gcc --diag_warning=225 --diag_wrap=off --display_error_number --abi=eabi --preproc_with_compile --preproc_dependency="tm4c123gh6pm_startup_ccs.d_raw"  "../tm4c123gh6pm_startup_ccs.c"
Finished building: "../tm4c123gh6pm_startup_ccs.c"
 
gmake: Target 'all' not remade because of errors.

**** Build Finished ****

**** Build of configuration Debug for project AUTOSAR_Prohect ****

"C:\\ti\\ccs1240\\ccs\\utils\\bin\\gmake" -k -j 12 all -O 
 
Building file: "../Os.c"
Invoking: Arm Compiler
"C:/ti/ccs1240/ccs/tools/compiler/ti-cgt-arm_20.2.7.LTS/bin/armcl" -mv7M4 --code_state=16 --float_support=FPv4SPD16 -me --include_path="D:/MT/My Courses/Advanced_Embedded_Diploma/ARM_Microcontrollers/Exercises/CCS/AUTOSAR_Project_WS/AUTOSAR_Prohect" --include_path="C:/ti/ccs1240/ccs/tools/compiler/ti-cgt-arm_20.2.7.LTS/include" --define=ccs="ccs" --define=PART_TM4C123GH6PM -g --gcc --diag_warning=225 --diag_wrap=off --display_error_number --abi=eabi --preproc_with_compile --preproc_dependency="Os.d_raw"  "../Os.c"
1 Assembly Error, No Assembly Warnings
 
>> Compilation failure
subdir_rules.mk:9: recipe for target 'Os.obj' failed
warning: "../Os.c", line 34: Assembly statement "CPSIE I" creates a label, which may not be what was intended. Use a colon after a label or a space before a non-label to silence the warning.
warning: "../Os.c", line 34: Assembly statement "CPSIE I" creates a label, which may not be what was intended. Use a colon after a label or a space before a non-label to silence the warning.
"C:\Users\LEGION\AppData\Local\Temp\{8EA1944A-CE81-4FCB-9B47-0548C9ACEEE6}", ERROR!   at line 160: [E0002] Illegal mnemonic specified
	CPSIE I
 
 
Errors in Source - Assembler Aborted
gmake: *** [Os.obj] Error 1
Building file: "../App.c"
Invoking: Arm Compiler
"C:/ti/ccs1240/ccs/tools/compiler/ti-cgt-arm_20.2.7.LTS/bin/armcl" -mv7M4 --code_state=16 --float_support=FPv4SPD16 -me --include_path="D:/MT/My Courses/Advanced_Embedded_Diploma/ARM_Microcontrollers/Exercises/CCS/AUTOSAR_Project_WS/AUTOSAR_Prohect" --include_path="C:/ti/ccs1240/ccs/tools/compiler/ti-cgt-arm_20.2.7.LTS/include" --define=ccs="ccs" --define=PART_TM4C123GH6PM -g --gcc --diag_warning=225 --diag_wrap=off --display_error_number --abi=eabi --preproc_with_compile --preproc_dependency="App.d_raw"  "../App.c"
Finished building: "../App.c"
 
gmake: Target 'all' not remade because of errors.

**** Build Finished ****

**** Clean-only build of configuration Debug for project AUTOSAR_Project ****

"C:\\ti\\ccs1240\\ccs\\utils\\bin\\gmake" -k -j 12 clean -O 
 
DEL /F  "AUTOSAR_Prohect.out" 
DEL /F "App.obj" "Button.obj" "Det.obj" "Dio.obj" "Dio_PBcfg.obj" "Gpt.obj" "Led.obj" "Mcu.obj" "Os.obj" "Port.obj" "main.obj" "tm4c123gh6pm_startup_ccs.obj" 
DEL /F "App.d" "Button.d" "Det.d" "Dio.d" "Dio_PBcfg.d" "Gpt.d" "Led.d" "Mcu.d" "Os.d" "Port.d" "main.d" "tm4c123gh6pm_startup_ccs.d" 
Could Not Find D:\MT\My Courses\Advanced_Embedded_Diploma\ARM_Microcontrollers\Exercises\CCS\AUTOSAR_Project_WS\AUTOSAR_Project\Debug\AUTOSAR_Prohect.out
Finished clean
 

**** Build Finished ****

**** Build of configuration Debug for project AUTOSAR_Project ****

"C:\\ti\\ccs1240\\ccs\\utils\\bin\\gmake" -k -j 12 all -O 
 
Building file: "../App.c"
Invoking: Arm Compiler
"C:/ti/ccs1240/ccs/tools/compiler/ti-cgt-arm_20.2.7.LTS/bin/armcl" -mv7M4 --code_state=16 --float_support=FPv4SPD16 -me --include_path="D:/MT/My Courses/Advanced_Embedded_Diploma/ARM_Microcontrollers/Exercises/CCS/AUTOSAR_Project_WS/AUTOSAR_Project" --include_path="C:/ti/ccs1240/ccs/tools/compiler/ti-cgt-arm_20.2.7.LTS/include" --define=ccs="ccs" --define=PART_TM4C123GH6PM -g --gcc --diag_warning=225 --diag_wrap=off --display_error_number --abi=eabi --preproc_with_compile --preproc_dependency="App.d_raw"  "../App.c"
Finished building: "../App.c"
 
Building file: "../Button.c"
Invoking: Arm Compiler
"C:/ti/ccs1240/ccs/tools/compiler/ti-cgt-arm_20.2.7.LTS/bin/armcl" -mv7M4 --code_state=16 --float_support=FPv4SPD16 -me --include_path="D:/MT/My Courses/Advanced_Embedded_Diploma/ARM_Microcontrollers/Exercises/CCS/AUTOSAR_Project_WS/AUTOSAR_Project" --include_path="C:/ti/ccs1240/ccs/tools/compiler/ti-cgt-arm_20.2.7.LTS/include" --define=ccs="ccs" --define=PART_TM4C123GH6PM -g --gcc --diag_warning=225 --diag_wrap=off --display_error_number --abi=eabi --preproc_with_compile --preproc_dependency="Button.d_raw"  "../Button.c"
Finished building: "../Button.c"
 
Building file: "../Det.c"
Invoking: Arm Compiler
"C:/ti/ccs1240/ccs/tools/compiler/ti-cgt-arm_20.2.7.LTS/bin/armcl" -mv7M4 --code_state=16 --float_support=FPv4SPD16 -me --include_path="D:/MT/My Courses/Advanced_Embedded_Diploma/ARM_Microcontrollers/Exercises/CCS/AUTOSAR_Project_WS/AUTOSAR_Project" --include_path="C:/ti/ccs1240/ccs/tools/compiler/ti-cgt-arm_20.2.7.LTS/include" --define=ccs="ccs" --define=PART_TM4C123GH6PM -g --gcc --diag_warning=225 --diag_wrap=off --display_error_number --abi=eabi --preproc_with_compile --preproc_dependency="Det.d_raw"  "../Det.c"
"../Det.c", line 23: warning #112-D: statement is unreachable
Finished building: "../Det.c"
 
Building file: "../Dio.c"
Invoking: Arm Compiler
"C:/ti/ccs1240/ccs/tools/compiler/ti-cgt-arm_20.2.7.LTS/bin/armcl" -mv7M4 --code_state=16 --float_support=FPv4SPD16 -me --include_path="D:/MT/My Courses/Advanced_Embedded_Diploma/ARM_Microcontrollers/Exercises/CCS/AUTOSAR_Project_WS/AUTOSAR_Project" --include_path="C:/ti/ccs1240/ccs/tools/compiler/ti-cgt-arm_20.2.7.LTS/include" --define=ccs="ccs" --define=PART_TM4C123GH6PM -g --gcc --diag_warning=225 --diag_wrap=off --display_error_number --abi=eabi --preproc_with_compile --preproc_dependency="Dio.d_raw"  "../Dio.c"
Finished building: "../Dio.c"
 
Building file: "../Dio_PBcfg.c"
Invoking: Arm Compiler
"C:/ti/ccs1240/ccs/tools/compiler/ti-cgt-arm_20.2.7.LTS/bin/armcl" -mv7M4 --code_state=16 --float_support=FPv4SPD16 -me --include_path="D:/MT/My Courses/Advanced_Embedded_Diploma/ARM_Microcontrollers/Exercises/CCS/AUTOSAR_Project_WS/AUTOSAR_Project" --include_path="C:/ti/ccs1240/ccs/tools/compiler/ti-cgt-arm_20.2.7.LTS/include" --define=ccs="ccs" --define=PART_TM4C123GH6PM -g --gcc --diag_warning=225 --diag_wrap=off --display_error_number --abi=eabi --preproc_with_compile --preproc_dependency="Dio_PBcfg.d_raw"  "../Dio_PBcfg.c"
"../Dio_PBcfg.c", line 46: warning #1-D: last line of file ends without a newline
Finished building: "../Dio_PBcfg.c"
 
Building file: "../Gpt.c"
Invoking: Arm Compiler
"C:/ti/ccs1240/ccs/tools/compiler/ti-cgt-arm_20.2.7.LTS/bin/armcl" -mv7M4 --code_state=16 --float_support=FPv4SPD16 -me --include_path="D:/MT/My Courses/Advanced_Embedded_Diploma/ARM_Microcontrollers/Exercises/CCS/AUTOSAR_Project_WS/AUTOSAR_Project" --include_path="C:/ti/ccs1240/ccs/tools/compiler/ti-cgt-arm_20.2.7.LTS/include" --define=ccs="ccs" --define=PART_TM4C123GH6PM -g --gcc --diag_warning=225 --diag_wrap=off --display_error_number --abi=eabi --preproc_with_compile --preproc_dependency="Gpt.d_raw"  "../Gpt.c"
"../Gpt.c", line 92: warning #1-D: last line of file ends without a newline
Finished building: "../Gpt.c"
 
Building file: "../Led.c"
Invoking: Arm Compiler
"C:/ti/ccs1240/ccs/tools/compiler/ti-cgt-arm_20.2.7.LTS/bin/armcl" -mv7M4 --code_state=16 --float_support=FPv4SPD16 -me --include_path="D:/MT/My Courses/Advanced_Embedded_Diploma/ARM_Microcontrollers/Exercises/CCS/AUTOSAR_Project_WS/AUTOSAR_Project" --include_path="C:/ti/ccs1240/ccs/tools/compiler/ti-cgt-arm_20.2.7.LTS/include" --define=ccs="ccs" --define=PART_TM4C123GH6PM -g --gcc --diag_warning=225 --diag_wrap=off --display_error_number --abi=eabi --preproc_with_compile --preproc_dependency="Led.d_raw"  "../Led.c"
Finished building: "../Led.c"
 
Building file: "../Mcu.c"
Invoking: Arm Compiler
"C:/ti/ccs1240/ccs/tools/compiler/ti-cgt-arm_20.2.7.LTS/bin/armcl" -mv7M4 --code_state=16 --float_support=FPv4SPD16 -me --include_path="D:/MT/My Courses/Advanced_Embedded_Diploma/ARM_Microcontrollers/Exercises/CCS/AUTOSAR_Project_WS/AUTOSAR_Project" --include_path="C:/ti/ccs1240/ccs/tools/compiler/ti-cgt-arm_20.2.7.LTS/include" --define=ccs="ccs" --define=PART_TM4C123GH6PM -g --gcc --diag_warning=225 --diag_wrap=off --display_error_number --abi=eabi --preproc_with_compile --preproc_dependency="Mcu.d_raw"  "../Mcu.c"
Finished building: "../Mcu.c"
 
Building file: "../Os.c"
Invoking: Arm Compiler
"C:/ti/ccs1240/ccs/tools/compiler/ti-cgt-arm_20.2.7.LTS/bin/armcl" -mv7M4 --code_state=16 --float_support=FPv4SPD16 -me --include_path="D:/MT/My Courses/Advanced_Embedded_Diploma/ARM_Microcontrollers/Exercises/CCS/AUTOSAR_Project_WS/AUTOSAR_Project" --include_path="C:/ti/ccs1240/ccs/tools/compiler/ti-cgt-arm_20.2.7.LTS/include" --define=ccs="ccs" --define=PART_TM4C123GH6PM -g --gcc --diag_warning=225 --diag_wrap=off --display_error_number --abi=eabi --preproc_with_compile --preproc_dependency="Os.d_raw"  "../Os.c"
"../Os.c", line 40: warning #225-D: function "Enable_Interrupts" declared implicitly
Finished building: "../Os.c"
 
Building file: "../main.c"
Invoking: Arm Compiler
"C:/ti/ccs1240/ccs/tools/compiler/ti-cgt-arm_20.2.7.LTS/bin/armcl" -mv7M4 --code_state=16 --float_support=FPv4SPD16 -me --include_path="D:/MT/My Courses/Advanced_Embedded_Diploma/ARM_Microcontrollers/Exercises/CCS/AUTOSAR_Project_WS/AUTOSAR_Project" --include_path="C:/ti/ccs1240/ccs/tools/compiler/ti-cgt-arm_20.2.7.LTS/include" --define=ccs="ccs" --define=PART_TM4C123GH6PM -g --gcc --diag_warning=225 --diag_wrap=off --display_error_number --abi=eabi --preproc_with_compile --preproc_dependency="main.d_raw"  "../main.c"
Finished building: "../main.c"
 
Building file: "../Port.c"
Invoking: Arm Compiler
"C:/ti/ccs1240/ccs/tools/compiler/ti-cgt-arm_20.2.7.LTS/bin/armcl" -mv7M4 --code_state=16 --float_support=FPv4SPD16 -me --include_path="D:/MT/My Courses/Advanced_Embedded_Diploma/ARM_Microcontrollers/Exercises/CCS/AUTOSAR_Project_WS/AUTOSAR_Project" --include_path="C:/ti/ccs1240/ccs/tools/compiler/ti-cgt-arm_20.2.7.LTS/include" --define=ccs="ccs" --define=PART_TM4C123GH6PM -g --gcc --diag_warning=225 --diag_wrap=off --display_error_number --abi=eabi --preproc_with_compile --preproc_dependency="Port.d_raw"  "../Port.c"
Finished building: "../Port.c"
 
Building file: "../tm4c123gh6pm_startup_ccs.c"
Invoking: Arm Compiler
"C:/ti/ccs1240/ccs/tools/compiler/ti-cgt-arm_20.2.7.LTS/bin/armcl" -mv7M4 --code_state=16 --float_support=FPv4SPD16 -me --include_path="D:/MT/My Courses/Advanced_Embedded_Diploma/ARM_Microcontrollers/Exercises/CCS/AUTOSAR_Project_WS/AUTOSAR_Project" --include_path="C:/ti/ccs1240/ccs/tools/compiler/ti-cgt-arm_20.2.7.LTS/include" --define=ccs="ccs" --define=PART_TM4C123GH6PM -g --gcc --diag_warning=225 --diag_wrap=off --display_error_number --abi=eabi --preproc_with_compile --preproc_dependency="tm4c123gh6pm_startup_ccs.d_raw"  "../tm4c123gh6pm_startup_ccs.c"
Finished building: "../tm4c123gh6pm_startup_ccs.c"
 
Building target: "AUTOSAR_Project.out"
Invoking: Arm Linker
"C:/ti/ccs1240/ccs/tools/compiler/ti-cgt-arm_20.2.7.LTS/bin/armcl" -mv7M4 --code_state=16 --float_support=FPv4SPD16 -me --define=ccs="ccs" --define=PART_TM4C123GH6PM -g --gcc --diag_warning=225 --diag_wrap=off --display_error_number --abi=eabi -z -m"AUTOSAR_Project.map" --heap_size=0 --stack_size=512 -i"C:/ti/ccs1240/ccs/tools/compiler/ti-cgt-arm_20.2.7.LTS/lib" -i"C:/ti/ccs1240/ccs/tools/compiler/ti-cgt-arm_20.2.7.LTS/include" --reread_libs --diag_wrap=off --display_error_number --warn_sections --xml_link_info="AUTOSAR_Project_linkInfo.xml" --rom_model -o "AUTOSAR_Project.out" "./App.obj" "./Button.obj" "./Det.obj" "./Dio.obj" "./Dio_PBcfg.obj" "./Gpt.obj" "./Led.obj" "./Mcu.obj" "./Os.obj" "./Port.obj" "./main.obj" "./tm4c123gh6pm_startup_ccs.obj" "../tm4c123gh6pm.cmd"  -llibc.a 
<Linking>
 
 undefined         first referenced
  symbol               in file     
 ---------         ----------------
 Enable_Interrupts ./Os.obj        
 
error #10234-D: unresolved symbols remain
error #10010: errors encountered during linking; "AUTOSAR_Project.out" not built
 
>> Compilation failure
makefile:146: recipe for target 'AUTOSAR_Project.out' failed
gmake[1]: *** [AUTOSAR_Project.out] Error 1
makefile:142: recipe for target 'all' failed
gmake: *** [all] Error 2

**** Build Finished ****

**** Build of configuration Debug for project AUTOSAR_Project ****

"C:\\ti\\ccs1240\\ccs\\utils\\bin\\gmake" -k -j 12 all -O 
 
Building file: "../Os.c"
Invoking: Arm Compiler
"C:/ti/ccs1240/ccs/tools/compiler/ti-cgt-arm_20.2.7.LTS/bin/armcl" -mv7M4 --code_state=16 --float_support=FPv4SPD16 -me --include_path="D:/MT/My Courses/Advanced_Embedded_Diploma/ARM_Microcontrollers/Exercises/CCS/AUTOSAR_Project_WS/AUTOSAR_Project" --include_path="C:/ti/ccs1240/ccs/tools/compiler/ti-cgt-arm_20.2.7.LTS/include" --define=ccs="ccs" --define=PART_TM4C123GH6PM -g --gcc --diag_warning=225 --diag_wrap=off --display_error_number --abi=eabi --preproc_with_compile --preproc_dependency="Os.d_raw"  "../Os.c"
Finished building: "../Os.c"
 
Building target: "AUTOSAR_Project.out"
Invoking: Arm Linker
"C:/ti/ccs1240/ccs/tools/compiler/ti-cgt-arm_20.2.7.LTS/bin/armcl" -mv7M4 --code_state=16 --float_support=FPv4SPD16 -me --define=ccs="ccs" --define=PART_TM4C123GH6PM -g --gcc --diag_warning=225 --diag_wrap=off --display_error_number --abi=eabi -z -m"AUTOSAR_Project.map" --heap_size=0 --stack_size=512 -i"C:/ti/ccs1240/ccs/tools/compiler/ti-cgt-arm_20.2.7.LTS/lib" -i"C:/ti/ccs1240/ccs/tools/compiler/ti-cgt-arm_20.2.7.LTS/include" --reread_libs --diag_wrap=off --display_error_number --warn_sections --xml_link_info="AUTOSAR_Project_linkInfo.xml" --rom_model -o "AUTOSAR_Project.out" "./App.obj" "./Button.obj" "./Det.obj" "./Dio.obj" "./Dio_PBcfg.obj" "./Gpt.obj" "./Led.obj" "./Mcu.obj" "./Os.obj" "./Port.obj" "./main.obj" "./tm4c123gh6pm_startup_ccs.obj" "../tm4c123gh6pm.cmd"  -llibc.a 
<Linking>
Finished building target: "AUTOSAR_Project.out"
 

**** Build Finished ****

**** Build of configuration Debug for project AUTOSAR_Project ****

"C:\\ti\\ccs1240\\ccs\\utils\\bin\\gmake" -k -j 12 all -O 
 
gmake[1]: 'AUTOSAR_Project.out' is up to date.

**** Build Finished ****

**** Build of configuration Debug for project AUTOSAR_Project ****

"C:\\ti\\ccs1240\\ccs\\utils\\bin\\gmake" -k -j 12 all -O 
 
Building file: "../App.c"
Invoking: Arm Compiler
"C:/ti/ccs1240/ccs/tools/compiler/ti-cgt-arm_20.2.7.LTS/bin/armcl" -mv7M4 --code_state=16 --float_support=FPv4SPD16 -me --include_path="D:/MT/My Courses/Advanced_Embedded_Diploma/ARM_Microcontrollers/Exercises/CCS/AUTOSAR_Project_WS/AUTOSAR_Project" --include_path="C:/ti/ccs1240/ccs/tools/compiler/ti-cgt-arm_20.2.7.LTS/include" --define=ccs="ccs" --define=PART_TM4C123GH6PM -g --gcc --diag_warning=225 --diag_wrap=off --display_error_number --abi=eabi --preproc_with_compile --preproc_dependency="App.d_raw"  "../App.c"
Finished building: "../App.c"
 
Building file: "../Button.c"
Invoking: Arm Compiler
"C:/ti/ccs1240/ccs/tools/compiler/ti-cgt-arm_20.2.7.LTS/bin/armcl" -mv7M4 --code_state=16 --float_support=FPv4SPD16 -me --include_path="D:/MT/My Courses/Advanced_Embedded_Diploma/ARM_Microcontrollers/Exercises/CCS/AUTOSAR_Project_WS/AUTOSAR_Project" --include_path="C:/ti/ccs1240/ccs/tools/compiler/ti-cgt-arm_20.2.7.LTS/include" --define=ccs="ccs" --define=PART_TM4C123GH6PM -g --gcc --diag_warning=225 --diag_wrap=off --display_error_number --abi=eabi --preproc_with_compile --preproc_dependency="Button.d_raw"  "../Button.c"
Finished building: "../Button.c"
 
Building file: "../Det.c"
Invoking: Arm Compiler
"C:/ti/ccs1240/ccs/tools/compiler/ti-cgt-arm_20.2.7.LTS/bin/armcl" -mv7M4 --code_state=16 --float_support=FPv4SPD16 -me --include_path="D:/MT/My Courses/Advanced_Embedded_Diploma/ARM_Microcontrollers/Exercises/CCS/AUTOSAR_Project_WS/AUTOSAR_Project" --include_path="C:/ti/ccs1240/ccs/tools/compiler/ti-cgt-arm_20.2.7.LTS/include" --define=ccs="ccs" --define=PART_TM4C123GH6PM -g --gcc --diag_warning=225 --diag_wrap=off --display_error_number --abi=eabi --preproc_with_compile --preproc_dependency="Det.d_raw"  "../Det.c"
"../Det.c", line 23: warning #112-D: statement is unreachable
Finished building: "../Det.c"
 
Building file: "../Dio_PBcfg.c"
Invoking: Arm Compiler
"C:/ti/ccs1240/ccs/tools/compiler/ti-cgt-arm_20.2.7.LTS/bin/armcl" -mv7M4 --code_state=16 --float_support=FPv4SPD16 -me --include_path="D:/MT/My Courses/Advanced_Embedded_Diploma/ARM_Microcontrollers/Exercises/CCS/AUTOSAR_Project_WS/AUTOSAR_Project" --include_path="C:/ti/ccs1240/ccs/tools/compiler/ti-cgt-arm_20.2.7.LTS/include" --define=ccs="ccs" --define=PART_TM4C123GH6PM -g --gcc --diag_warning=225 --diag_wrap=off --display_error_number --abi=eabi --preproc_with_compile --preproc_dependency="Dio_PBcfg.d_raw"  "../Dio_PBcfg.c"
Finished building: "../Dio_PBcfg.c"
 
Building file: "../Dio.c"
Invoking: Arm Compiler
"C:/ti/ccs1240/ccs/tools/compiler/ti-cgt-arm_20.2.7.LTS/bin/armcl" -mv7M4 --code_state=16 --float_support=FPv4SPD16 -me --include_path="D:/MT/My Courses/Advanced_Embedded_Diploma/ARM_Microcontrollers/Exercises/CCS/AUTOSAR_Project_WS/AUTOSAR_Project" --include_path="C:/ti/ccs1240/ccs/tools/compiler/ti-cgt-arm_20.2.7.LTS/include" --define=ccs="ccs" --define=PART_TM4C123GH6PM -g --gcc --diag_warning=225 --diag_wrap=off --display_error_number --abi=eabi --preproc_with_compile --preproc_dependency="Dio.d_raw"  "../Dio.c"
Finished building: "../Dio.c"
 
Building file: "../Gpt.c"
Invoking: Arm Compiler
"C:/ti/ccs1240/ccs/tools/compiler/ti-cgt-arm_20.2.7.LTS/bin/armcl" -mv7M4 --code_state=16 --float_support=FPv4SPD16 -me --include_path="D:/MT/My Courses/Advanced_Embedded_Diploma/ARM_Microcontrollers/Exercises/CCS/AUTOSAR_Project_WS/AUTOSAR_Project" --include_path="C:/ti/ccs1240/ccs/tools/compiler/ti-cgt-arm_20.2.7.LTS/include" --define=ccs="ccs" --define=PART_TM4C123GH6PM -g --gcc --diag_warning=225 --diag_wrap=off --display_error_number --abi=eabi --preproc_with_compile --preproc_dependency="Gpt.d_raw"  "../Gpt.c"
Finished building: "../Gpt.c"
 
Building file: "../Led.c"
Invoking: Arm Compiler
"C:/ti/ccs1240/ccs/tools/compiler/ti-cgt-arm_20.2.7.LTS/bin/armcl" -mv7M4 --code_state=16 --float_support=FPv4SPD16 -me --include_path="D:/MT/My Courses/Advanced_Embedded_Diploma/ARM_Microcontrollers/Exercises/CCS/AUTOSAR_Project_WS/AUTOSAR_Project" --include_path="C:/ti/ccs1240/ccs/tools/compiler/ti-cgt-arm_20.2.7.LTS/include" --define=ccs="ccs" --define=PART_TM4C123GH6PM -g --gcc --diag_warning=225 --diag_wrap=off --display_error_number --abi=eabi --preproc_with_compile --preproc_dependency="Led.d_raw"  "../Led.c"
Finished building: "../Led.c"
 
Building file: "../Mcu.c"
Invoking: Arm Compiler
"C:/ti/ccs1240/ccs/tools/compiler/ti-cgt-arm_20.2.7.LTS/bin/armcl" -mv7M4 --code_state=16 --float_support=FPv4SPD16 -me --include_path="D:/MT/My Courses/Advanced_Embedded_Diploma/ARM_Microcontrollers/Exercises/CCS/AUTOSAR_Project_WS/AUTOSAR_Project" --include_path="C:/ti/ccs1240/ccs/tools/compiler/ti-cgt-arm_20.2.7.LTS/include" --define=ccs="ccs" --define=PART_TM4C123GH6PM -g --gcc --diag_warning=225 --diag_wrap=off --display_error_number --abi=eabi --preproc_with_compile --preproc_dependency="Mcu.d_raw"  "../Mcu.c"
Finished building: "../Mcu.c"
 
Building file: "../Os.c"
Invoking: Arm Compiler
"C:/ti/ccs1240/ccs/tools/compiler/ti-cgt-arm_20.2.7.LTS/bin/armcl" -mv7M4 --code_state=16 --float_support=FPv4SPD16 -me --include_path="D:/MT/My Courses/Advanced_Embedded_Diploma/ARM_Microcontrollers/Exercises/CCS/AUTOSAR_Project_WS/AUTOSAR_Project" --include_path="C:/ti/ccs1240/ccs/tools/compiler/ti-cgt-arm_20.2.7.LTS/include" --define=ccs="ccs" --define=PART_TM4C123GH6PM -g --gcc --diag_warning=225 --diag_wrap=off --display_error_number --abi=eabi --preproc_with_compile --preproc_dependency="Os.d_raw"  "../Os.c"
Finished building: "../Os.c"
 
Building file: "../main.c"
Invoking: Arm Compiler
"C:/ti/ccs1240/ccs/tools/compiler/ti-cgt-arm_20.2.7.LTS/bin/armcl" -mv7M4 --code_state=16 --float_support=FPv4SPD16 -me --include_path="D:/MT/My Courses/Advanced_Embedded_Diploma/ARM_Microcontrollers/Exercises/CCS/AUTOSAR_Project_WS/AUTOSAR_Project" --include_path="C:/ti/ccs1240/ccs/tools/compiler/ti-cgt-arm_20.2.7.LTS/include" --define=ccs="ccs" --define=PART_TM4C123GH6PM -g --gcc --diag_warning=225 --diag_wrap=off --display_error_number --abi=eabi --preproc_with_compile --preproc_dependency="main.d_raw"  "../main.c"
Finished building: "../main.c"
 
Building file: "../Port.c"
Invoking: Arm Compiler
"C:/ti/ccs1240/ccs/tools/compiler/ti-cgt-arm_20.2.7.LTS/bin/armcl" -mv7M4 --code_state=16 --float_support=FPv4SPD16 -me --include_path="D:/MT/My Courses/Advanced_Embedded_Diploma/ARM_Microcontrollers/Exercises/CCS/AUTOSAR_Project_WS/AUTOSAR_Project" --include_path="C:/ti/ccs1240/ccs/tools/compiler/ti-cgt-arm_20.2.7.LTS/include" --define=ccs="ccs" --define=PART_TM4C123GH6PM -g --gcc --diag_warning=225 --diag_wrap=off --display_error_number --abi=eabi --preproc_with_compile --preproc_dependency="Port.d_raw"  "../Port.c"
Finished building: "../Port.c"
 
Building target: "AUTOSAR_Project.out"
Invoking: Arm Linker
"C:/ti/ccs1240/ccs/tools/compiler/ti-cgt-arm_20.2.7.LTS/bin/armcl" -mv7M4 --code_state=16 --float_support=FPv4SPD16 -me --define=ccs="ccs" --define=PART_TM4C123GH6PM -g --gcc --diag_warning=225 --diag_wrap=off --display_error_number --abi=eabi -z -m"AUTOSAR_Project.map" --heap_size=0 --stack_size=512 -i"C:/ti/ccs1240/ccs/tools/compiler/ti-cgt-arm_20.2.7.LTS/lib" -i"C:/ti/ccs1240/ccs/tools/compiler/ti-cgt-arm_20.2.7.LTS/include" --reread_libs --diag_wrap=off --display_error_number --warn_sections --xml_link_info="AUTOSAR_Project_linkInfo.xml" --rom_model -o "AUTOSAR_Project.out" "./App.obj" "./Button.obj" "./Det.obj" "./Dio.obj" "./Dio_PBcfg.obj" "./Gpt.obj" "./Led.obj" "./Mcu.obj" "./Os.obj" "./Port.obj" "./main.obj" "./tm4c123gh6pm_startup_ccs.obj" "../tm4c123gh6pm.cmd"  -llibc.a 
<Linking>
Finished building target: "AUTOSAR_Project.out"
 

**** Build Finished ****

**** Build of configuration Debug for project AUTOSAR_Project ****

"C:\\ti\\ccs1240\\ccs\\utils\\bin\\gmake" -k -j 12 all -O 
 
Building file: "../App.c"
Invoking: Arm Compiler
"C:/ti/ccs1240/ccs/tools/compiler/ti-cgt-arm_20.2.7.LTS/bin/armcl" -mv7M4 --code_state=16 --float_support=FPv4SPD16 -me --include_path="D:/MT/My Courses/Advanced_Embedded_Diploma/ARM_Microcontrollers/Exercises/CCS/AUTOSAR_Project_WS/AUTOSAR_Project" --include_path="C:/ti/ccs1240/ccs/tools/compiler/ti-cgt-arm_20.2.7.LTS/include" --define=ccs="ccs" --define=PART_TM4C123GH6PM -g --gcc --diag_warning=225 --diag_wrap=off --display_error_number --abi=eabi --preproc_with_compile --preproc_dependency="App.d_raw"  "../App.c"
"../App.c", line 31: warning #225-D: function "Button_Init" declared implicitly
Finished building: "../App.c"
 
Building file: "../Button.c"
Invoking: Arm Compiler
"C:/ti/ccs1240/ccs/tools/compiler/ti-cgt-arm_20.2.7.LTS/bin/armcl" -mv7M4 --code_state=16 --float_support=FPv4SPD16 -me --include_path="D:/MT/My Courses/Advanced_Embedded_Diploma/ARM_Microcontrollers/Exercises/CCS/AUTOSAR_Project_WS/AUTOSAR_Project" --include_path="C:/ti/ccs1240/ccs/tools/compiler/ti-cgt-arm_20.2.7.LTS/include" --define=ccs="ccs" --define=PART_TM4C123GH6PM -g --gcc --diag_warning=225 --diag_wrap=off --display_error_number --abi=eabi --preproc_with_compile --preproc_dependency="Button.d_raw"  "../Button.c"
Finished building: "../Button.c"
 
Building file: "../Gpt.c"
Invoking: Arm Compiler
"C:/ti/ccs1240/ccs/tools/compiler/ti-cgt-arm_20.2.7.LTS/bin/armcl" -mv7M4 --code_state=16 --float_support=FPv4SPD16 -me --include_path="D:/MT/My Courses/Advanced_Embedded_Diploma/ARM_Microcontrollers/Exercises/CCS/AUTOSAR_Project_WS/AUTOSAR_Project" --include_path="C:/ti/ccs1240/ccs/tools/compiler/ti-cgt-arm_20.2.7.LTS/include" --define=ccs="ccs" --define=PART_TM4C123GH6PM -g --gcc --diag_warning=225 --diag_wrap=off --display_error_number --abi=eabi --preproc_with_compile --preproc_dependency="Gpt.d_raw"  "../Gpt.c"
Finished building: "../Gpt.c"
 
Building file: "../Os.c"
Invoking: Arm Compiler
"C:/ti/ccs1240/ccs/tools/compiler/ti-cgt-arm_20.2.7.LTS/bin/armcl" -mv7M4 --code_state=16 --float_support=FPv4SPD16 -me --include_path="D:/MT/My Courses/Advanced_Embedded_Diploma/ARM_Microcontrollers/Exercises/CCS/AUTOSAR_Project_WS/AUTOSAR_Project" --include_path="C:/ti/ccs1240/ccs/tools/compiler/ti-cgt-arm_20.2.7.LTS/include" --define=ccs="ccs" --define=PART_TM4C123GH6PM -g --gcc --diag_warning=225 --diag_wrap=off --display_error_number --abi=eabi --preproc_with_compile --preproc_dependency="Os.d_raw"  "../Os.c"
Finished building: "../Os.c"
 
Building target: "AUTOSAR_Project.out"
Invoking: Arm Linker
"C:/ti/ccs1240/ccs/tools/compiler/ti-cgt-arm_20.2.7.LTS/bin/armcl" -mv7M4 --code_state=16 --float_support=FPv4SPD16 -me --define=ccs="ccs" --define=PART_TM4C123GH6PM -g --gcc --diag_warning=225 --diag_wrap=off --display_error_number --abi=eabi -z -m"AUTOSAR_Project.map" --heap_size=0 --stack_size=512 -i"C:/ti/ccs1240/ccs/tools/compiler/ti-cgt-arm_20.2.7.LTS/lib" -i"C:/ti/ccs1240/ccs/tools/compiler/ti-cgt-arm_20.2.7.LTS/include" --reread_libs --diag_wrap=off --display_error_number --warn_sections --xml_link_info="AUTOSAR_Project_linkInfo.xml" --rom_model -o "AUTOSAR_Project.out" "./App.obj" "./Button.obj" "./Det.obj" "./Dio.obj" "./Dio_PBcfg.obj" "./Gpt.obj" "./Led.obj" "./Mcu.obj" "./Os.obj" "./Port.obj" "./main.obj" "./tm4c123gh6pm_startup_ccs.obj" "../tm4c123gh6pm.cmd"  -llibc.a 
<Linking>
Finished building target: "AUTOSAR_Project.out"
 

**** Build Finished ****

**** Build of configuration Debug for project AUTOSAR_Project ****

"C:\\ti\\ccs1240\\ccs\\utils\\bin\\gmake" -k -j 12 all -O 
 
Building file: "../App.c"
Invoking: Arm Compiler
"C:/ti/ccs1240/ccs/tools/compiler/ti-cgt-arm_20.2.7.LTS/bin/armcl" -mv7M4 --code_state=16 --float_support=FPv4SPD16 -me --include_path="D:/MT/My Courses/Advanced_Embedded_Diploma/ARM_Microcontrollers/Exercises/CCS/AUTOSAR_Project_WS/AUTOSAR_Project" --include_path="C:/ti/ccs1240/ccs/tools/compiler/ti-cgt-arm_20.2.7.LTS/include" --define=ccs="ccs" --define=PART_TM4C123GH6PM -g --gcc --diag_warning=225 --diag_wrap=off --display_error_number --abi=eabi --preproc_with_compile --preproc_dependency="App.d_raw"  "../App.c"
"../App.c", line 31: warning #225-D: function "Button_Init" declared implicitly
Finished building: "../App.c"
 
Building file: "../Button.c"
Invoking: Arm Compiler
"C:/ti/ccs1240/ccs/tools/compiler/ti-cgt-arm_20.2.7.LTS/bin/armcl" -mv7M4 --code_state=16 --float_support=FPv4SPD16 -me --include_path="D:/MT/My Courses/Advanced_Embedded_Diploma/ARM_Microcontrollers/Exercises/CCS/AUTOSAR_Project_WS/AUTOSAR_Project" --include_path="C:/ti/ccs1240/ccs/tools/compiler/ti-cgt-arm_20.2.7.LTS/include" --define=ccs="ccs" --define=PART_TM4C123GH6PM -g --gcc --diag_warning=225 --diag_wrap=off --display_error_number --abi=eabi --preproc_with_compile --preproc_dependency="Button.d_raw"  "../Button.c"
Finished building: "../Button.c"
 
Building file: "../Led.c"
Invoking: Arm Compiler
"C:/ti/ccs1240/ccs/tools/compiler/ti-cgt-arm_20.2.7.LTS/bin/armcl" -mv7M4 --code_state=16 --float_support=FPv4SPD16 -me --include_path="D:/MT/My Courses/Advanced_Embedded_Diploma/ARM_Microcontrollers/Exercises/CCS/AUTOSAR_Project_WS/AUTOSAR_Project" --include_path="C:/ti/ccs1240/ccs/tools/compiler/ti-cgt-arm_20.2.7.LTS/include" --define=ccs="ccs" --define=PART_TM4C123GH6PM -g --gcc --diag_warning=225 --diag_wrap=off --display_error_number --abi=eabi --preproc_with_compile --preproc_dependency="Led.d_raw"  "../Led.c"
"../Led.c", line 32: warning #225-D: function "LED_FillConfigurations" declared implicitly
"../Led.c", line 20: warning #179-D: function "Led_FillConfigurations" was declared but never referenced
Finished building: "../Led.c"
 
Building file: "../Os.c"
Invoking: Arm Compiler
"C:/ti/ccs1240/ccs/tools/compiler/ti-cgt-arm_20.2.7.LTS/bin/armcl" -mv7M4 --code_state=16 --float_support=FPv4SPD16 -me --include_path="D:/MT/My Courses/Advanced_Embedded_Diploma/ARM_Microcontrollers/Exercises/CCS/AUTOSAR_Project_WS/AUTOSAR_Project" --include_path="C:/ti/ccs1240/ccs/tools/compiler/ti-cgt-arm_20.2.7.LTS/include" --define=ccs="ccs" --define=PART_TM4C123GH6PM -g --gcc --diag_warning=225 --diag_wrap=off --display_error_number --abi=eabi --preproc_with_compile --preproc_dependency="Os.d_raw"  "../Os.c"
Finished building: "../Os.c"
 
Building target: "AUTOSAR_Project.out"
Invoking: Arm Linker
"C:/ti/ccs1240/ccs/tools/compiler/ti-cgt-arm_20.2.7.LTS/bin/armcl" -mv7M4 --code_state=16 --float_support=FPv4SPD16 -me --define=ccs="ccs" --define=PART_TM4C123GH6PM -g --gcc --diag_warning=225 --diag_wrap=off --display_error_number --abi=eabi -z -m"AUTOSAR_Project.map" --heap_size=0 --stack_size=512 -i"C:/ti/ccs1240/ccs/tools/compiler/ti-cgt-arm_20.2.7.LTS/lib" -i"C:/ti/ccs1240/ccs/tools/compiler/ti-cgt-arm_20.2.7.LTS/include" --reread_libs --diag_wrap=off --display_error_number --warn_sections --xml_link_info="AUTOSAR_Project_linkInfo.xml" --rom_model -o "AUTOSAR_Project.out" "./App.obj" "./Button.obj" "./Det.obj" "./Dio.obj" "./Dio_PBcfg.obj" "./Gpt.obj" "./Led.obj" "./Mcu.obj" "./Os.obj" "./Port.obj" "./main.obj" "./tm4c123gh6pm_startup_ccs.obj" "../tm4c123gh6pm.cmd"  -llibc.a 
<Linking>
 
 undefined              first referenced
  symbol                    in file     
 ---------              ----------------
 LED_FillConfigurations ./Led.obj       
 
error #10234-D: unresolved symbols remain
error #10010: errors encountered during linking; "AUTOSAR_Project.out" not built
 
>> Compilation failure
makefile:146: recipe for target 'AUTOSAR_Project.out' failed
gmake[1]: *** [AUTOSAR_Project.out] Error 1
makefile:142: recipe for target 'all' failed
gmake: *** [all] Error 2

**** Build Finished ****

**** Build of configuration Debug for project AUTOSAR_Project ****

"C:\\ti\\ccs1240\\ccs\\utils\\bin\\gmake" -k -j 12 all -O 
 
Building file: "../Led.c"
Invoking: Arm Compiler
"C:/ti/ccs1240/ccs/tools/compiler/ti-cgt-arm_20.2.7.LTS/bin/armcl" -mv7M4 --code_state=16 --float_support=FPv4SPD16 -me --include_path="D:/MT/My Courses/Advanced_Embedded_Diploma/ARM_Microcontrollers/Exercises/CCS/AUTOSAR_Project_WS/AUTOSAR_Project" --include_path="C:/ti/ccs1240/ccs/tools/compiler/ti-cgt-arm_20.2.7.LTS/include" --define=ccs="ccs" --define=PART_TM4C123GH6PM -g --gcc --diag_warning=225 --diag_wrap=off --display_error_number --abi=eabi --preproc_with_compile --preproc_dependency="Led.d_raw"  "../Led.c"
Finished building: "../Led.c"
 
Building target: "AUTOSAR_Project.out"
Invoking: Arm Linker
"C:/ti/ccs1240/ccs/tools/compiler/ti-cgt-arm_20.2.7.LTS/bin/armcl" -mv7M4 --code_state=16 --float_support=FPv4SPD16 -me --define=ccs="ccs" --define=PART_TM4C123GH6PM -g --gcc --diag_warning=225 --diag_wrap=off --display_error_number --abi=eabi -z -m"AUTOSAR_Project.map" --heap_size=0 --stack_size=512 -i"C:/ti/ccs1240/ccs/tools/compiler/ti-cgt-arm_20.2.7.LTS/lib" -i"C:/ti/ccs1240/ccs/tools/compiler/ti-cgt-arm_20.2.7.LTS/include" --reread_libs --diag_wrap=off --display_error_number --warn_sections --xml_link_info="AUTOSAR_Project_linkInfo.xml" --rom_model -o "AUTOSAR_Project.out" "./App.obj" "./Button.obj" "./Det.obj" "./Dio.obj" "./Dio_PBcfg.obj" "./Gpt.obj" "./Led.obj" "./Mcu.obj" "./Os.obj" "./Port.obj" "./main.obj" "./tm4c123gh6pm_startup_ccs.obj" "../tm4c123gh6pm.cmd"  -llibc.a 
<Linking>
Finished building target: "AUTOSAR_Project.out"
 

**** Build Finished ****
